#
# There is insufficient memory for the Java Runtime Environment to continue.
# Native memory allocation (malloc) failed to allocate 94176 bytes for Chunk::new
# Possible reasons:
#   The system is out of physical RAM or swap space
#   In 32 bit mode, the process size limit was hit
# Possible solutions:
#   Reduce memory load on the system
#   Increase physical memory or swap space
#   Check if swap backing store is full
#   Use 64 bit Java on a 64 bit OS
#   Decrease Java heap size (-Xmx/-Xms)
#   Decrease number of Java threads
#   Decrease Java thread stack sizes (-Xss)
#   Set larger code cache with -XX:ReservedCodeCacheSize=
# This output file may be truncated or incomplete.
#
#  Out of Memory Error (allocation.cpp:390), pid=22668, tid=0x0000000000005b20
#
# JRE version: Java(TM) SE Runtime Environment (8.0_102-b14) (build 1.8.0_102-b14)
# Java VM: Java HotSpot(TM) 64-Bit Server VM (25.102-b14 mixed mode windows-amd64 compressed oops)
# Failed to write core dump. Minidumps are not enabled by default on client versions of Windows
#

---------------  T H R E A D  ---------------

Current thread (0x0000000016fc3800):  JavaThread "C2 CompilerThread1" daemon [_thread_in_native, id=23328, stack(0x0000000018720000,0x0000000018820000)]

Stack: [0x0000000018720000,0x0000000018820000]
[error occurred during error reporting (printing stack bounds), id 0xc0000005]

Native frames: (J=compiled Java code, j=interpreted, Vv=VM code, C=native code)


Current CompileTask:
C2:    357  232       4       java.lang.String::replace (127 bytes)


---------------  P R O C E S S  ---------------

Java Threads: ( => current thread )
  0x000000001894b800 JavaThread "Service Thread" daemon [_thread_blocked, id=23448, stack(0x0000000018d20000,0x0000000018e20000)]
  0x0000000016fc9800 JavaThread "C1 CompilerThread2" daemon [_thread_in_native, id=23400, stack(0x0000000018820000,0x0000000018920000)]
=>0x0000000016fc3800 JavaThread "C2 CompilerThread1" daemon [_thread_in_native, id=23328, stack(0x0000000018720000,0x0000000018820000)]
  0x0000000016fc1000 JavaThread "C2 CompilerThread0" daemon [_thread_blocked, id=22824, stack(0x0000000018620000,0x0000000018720000)]
  0x0000000016fbe000 JavaThread "Attach Listener" daemon [_thread_blocked, id=22968, stack(0x0000000018520000,0x0000000018620000)]
  0x0000000016fbd000 JavaThread "Signal Dispatcher" daemon [_thread_blocked, id=23244, stack(0x0000000018420000,0x0000000018520000)]
  0x0000000016faa800 JavaThread "Finalizer" daemon [_thread_blocked, id=12984, stack(0x0000000018240000,0x0000000018340000)]
  0x0000000002470000 JavaThread "Reference Handler" daemon [_thread_blocked, id=23304, stack(0x0000000018140000,0x0000000018240000)]
  0x00000000020ad800 JavaThread "main" [_thread_blocked, id=23052, stack(0x0000000002280000,0x0000000002380000)]

Other Threads:
  0x0000000016f87000 VMThread [stack: 0x0000000018040000,0x0000000018140000] [id=23152]
  0x000000001895e000 WatcherThread [stack: 0x0000000018e20000,0x0000000018f20000] [id=23216]

VM state:at safepoint (normal execution)

VM Mutex/Monitor currently owned by a thread:  ([mutex/lock_event])
[0x00000000020ac9a0] Threads_lock - owner thread: 0x0000000016f87000
[0x00000000020ac7a0] Heap_lock - owner thread: 0x00000000020ad800

Heap:
 PSYoungGen      total 38400K, used 5329K [0x00000000d5e00000, 0x00000000d8880000, 0x0000000100000000)
  eden space 33280K, 16% used [0x00000000d5e00000,0x00000000d63345a8,0x00000000d7e80000)
  from space 5120K, 0% used [0x00000000d8380000,0x00000000d8380000,0x00000000d8880000)
  to   space 5120K, 0% used [0x00000000d7e80000,0x00000000d7e80000,0x00000000d8380000)
 ParOldGen       total 87552K, used 0K [0x0000000081a00000, 0x0000000086f80000, 0x00000000d5e00000)
  object space 87552K, 0% used [0x0000000081a00000,0x0000000081a00000,0x0000000086f80000)
 Metaspace       used 4892K, capacity 5152K, committed 5248K, reserved 1060864K
  class space    used 574K, capacity 592K, committed 640K, reserved 1048576K

Card table byte_map: [0x0000000011840000,0x0000000011c40000] byte_map_base: 0x0000000011433000

Marking Bits: (ParMarkBitMap*) 0x000000005176a6c0
 Begin Bits: [0x00000000122f0000, 0x0000000014288000)
 End Bits:   [0x0000000014288000, 0x0000000016220000)

Polling page: 0x0000000000580000

CodeCache: size=245760Kb used=1579Kb max_used=1579Kb free=244180Kb
 bounds [0x0000000002480000, 0x00000000026f0000, 0x0000000011480000]
 total_blobs=502 nmethods=232 adapters=183
 compilation: enabled

Compilation events (10 events):
Event: 0.314 Thread 0x0000000016fc9800  225       3       java.util.WeakHashMap::remove (133 bytes)
Event: 0.315 Thread 0x0000000016fc9800 nmethod 225 0x0000000002607ed0 code [0x00000000026080c0, 0x0000000002608b88]
Event: 0.319 Thread 0x0000000016fc9800  229  s    3       sun.misc.URLClassPath::getLookupCache (98 bytes)
Event: 0.320 Thread 0x0000000016fc9800 nmethod 229 0x0000000002609a90 code [0x0000000002609c20, 0x000000000260a198]
Event: 0.321 Thread 0x0000000016fc9800  231       1       sun.misc.URLClassPath$JarLoader::access$500 (5 bytes)
Event: 0.321 Thread 0x0000000016fc9800 nmethod 231 0x000000000260a6d0 code [0x000000000260a820, 0x000000000260a910]
Event: 0.321 Thread 0x0000000016fc3800  232       4       java.lang.String::replace (127 bytes)
Event: 0.323 Thread 0x0000000016fc9800  233       3       sun.net.www.protocol.file.Handler::parseURL (18 bytes)
Event: 0.323 Thread 0x0000000016fc9800 nmethod 233 0x000000000260a990 code [0x000000000260ab00, 0x000000000260ad78]
Event: 0.323 Thread 0x0000000016fc9800  234       3       java.net.URLStreamHandler::parseURL (1158 bytes)

GC Heap History (0 events):
No events

Deoptimization events (0 events):
No events

Internal exceptions (6 events):
Event: 0.037 Thread 0x00000000020ad800 Exception <a 'java/lang/NoSuchMethodError': Method sun.misc.Unsafe.defineClass(Ljava/lang/String;[BII)Ljava/lang/Class; name or signature does not match> (0x00000000d5e07c78) thrown at [C:\re\workspace\8-2-build-windows-amd64-cygwin\jdk8u102\7268\hotspot\sÍi@~42£?
Event: 0.037 Thread 0x00000000020ad800 Exception <a 'java/lang/NoSuchMethodError': Method sun.misc.Unsafe.prefetchRead(Ljava/lang/Object;J)V name or signature does not match> (0x00000000d5e07f60) thrown at [C:\re\workspace\8-2-build-windows-amd64-cygwin\jdk8u102\7268\hotspot\src\share\vm\prims\D¾	Ÿ§Ç?
Event: 0.185 Thread 0x00000000020ad800 Exception <a 'java/security/PrivilegedActionException'> (0x00000000d6057270) thrown at [C:\re\workspace\8-2-build-windows-amd64-cygwin\jdk8u102\7268\hotspot\src\share\vm\prims\jvm.cpp, line 1386]
Event: 0.185 Thread 0x00000000020ad800 Exception <a 'java/security/PrivilegedActionException'> (0x00000000d6057480) thrown at [C:\re\workspace\8-2-build-windows-amd64-cygwin\jdk8u102\7268\hotspot\src\share\vm\prims\jvm.cpp, line 1386]
Event: 0.186 Thread 0x00000000020ad800 Exception <a 'java/security/PrivilegedActionException'> (0x00000000d605b2b0) thrown at [C:\re\workspace\8-2-build-windows-amd64-cygwin\jdk8u102\7268\hotspot\src\share\vm\prims\jvm.cpp, line 1386]
Event: 0.186 Thread 0x00000000020ad800 Exception <a 'java/security/PrivilegedActionException'> (0x00000000d605b4c0) thrown at [C:\re\workspace\8-2-build-windows-amd64-cygwin\jdk8u102\7268\hotspot\src\share\vm\prims\jvm.cpp, line 1386]

Events (10 events):
Event: 0.331 loading class sun/util/calendar/JulianCalendar$Date
Event: 0.331 loading class sun/util/calendar/JulianCalendar$Date done
Event: 0.331 loading class com/thoughtworks/xstream/core/util/ThreadSafeSimpleDateFormat
Event: 0.332 loading class com/thoughtworks/xstream/core/util/ThreadSafeSimpleDateFormat done
Event: 0.332 loading class com/thoughtworks/xstream/core/util/Pool$Factory
Event: 0.332 loading class com/thoughtworks/xstream/core/util/Pool$Factory done
Event: 0.333 loading class com/thoughtworks/xstream/core/util/Pool
Event: 0.333 loading class com/thoughtworks/xstream/core/util/Pool done
Event: 0.333 loading class com/thoughtworks/xstream/core/util/ThreadSafeSimpleDateFormat$1
Event: 0.333 loading class com/thoughtworks/xstream/core/util/ThreadSafeSimpleDateFormat$1 done


Dynamic libraries:
0x00007ff756de0000 - 0x00007ff756e17000 	C:\Program Files\Java\jre1.8.0_102\bin\javaw.exe
0x00007ff91d0e0000 - 0x00007ff91d2a1000 	C:\WINDOWS\SYSTEM32\ntdll.dll
0x00007ff91ae50000 - 0x00007ff91aefd000 	C:\WINDOWS\system32\KERNEL32.DLL
0x00007ff91a140000 - 0x00007ff91a328000 	C:\WINDOWS\system32\KERNELBASE.dll
0x00007ff91a6a0000 - 0x00007ff91a747000 	C:\WINDOWS\system32\ADVAPI32.dll
0x00007ff91aaa0000 - 0x00007ff91ab3d000 	C:\WINDOWS\system32\msvcrt.dll
0x00007ff91a4e0000 - 0x00007ff91a53b000 	C:\WINDOWS\system32\sechost.dll
0x00007ff91af10000 - 0x00007ff91b02c000 	C:\WINDOWS\system32\RPCRT4.dll
0x00007ff91a8e0000 - 0x00007ff91aa36000 	C:\WINDOWS\system32\USER32.dll
0x00007ff91a750000 - 0x00007ff91a8d6000 	C:\WINDOWS\system32\GDI32.dll
0x00007ff914fa0000 - 0x00007ff915214000 	C:\WINDOWS\WinSxS\amd64_microsoft.windows.common-controls_6595b64144ccf1df_6.0.10586.589_none_a2ddb3caa539acce\COMCTL32.dll
0x00007ff91ab40000 - 0x00007ff91adbd000 	C:\WINDOWS\system32\combase.dll
0x00007ff91a3c0000 - 0x00007ff91a42a000 	C:\WINDOWS\system32\bcryptPrimitives.dll
0x00007ff91cb60000 - 0x00007ff91cb9b000 	C:\WINDOWS\system32\IMM32.DLL
0x0000000050d10000 - 0x0000000050de1000 	C:\Program Files\Java\jre1.8.0_102\bin\msvcr100.dll
0x0000000050f50000 - 0x00000000517ea000 	C:\Program Files\Java\jre1.8.0_102\bin\server\jvm.dll
0x00007ff91af00000 - 0x00007ff91af08000 	C:\WINDOWS\system32\PSAPI.DLL
0x00007ff916dd0000 - 0x00007ff916df3000 	C:\WINDOWS\SYSTEM32\WINMM.dll
0x00007ff90b960000 - 0x00007ff90b969000 	C:\WINDOWS\SYSTEM32\WSOCK32.dll
0x00007ff915a80000 - 0x00007ff915a8a000 	C:\WINDOWS\SYSTEM32\VERSION.dll
0x00007ff91ca30000 - 0x00007ff91ca9b000 	C:\WINDOWS\system32\WS2_32.dll
0x0000000001fb0000 - 0x0000000001fdc000 	C:\WINDOWS\SYSTEM32\WINMMBASE.dll
0x00007ff91a0f0000 - 0x00007ff91a133000 	C:\WINDOWS\system32\cfgmgr32.dll
0x0000000051cb0000 - 0x0000000051cbf000 	C:\Program Files\Java\jre1.8.0_102\bin\verify.dll
0x0000000050f20000 - 0x0000000050f49000 	C:\Program Files\Java\jre1.8.0_102\bin\java.dll
0x0000000051b20000 - 0x0000000051b36000 	C:\Program Files\Java\jre1.8.0_102\bin\zip.dll
0x00007ff91b330000 - 0x00007ff91c88c000 	C:\WINDOWS\system32\SHELL32.dll
0x00007ff919850000 - 0x00007ff919e95000 	C:\WINDOWS\system32\windows.storage.dll
0x00007ff91caa0000 - 0x00007ff91caf2000 	C:\WINDOWS\system32\shlwapi.dll
0x00007ff919730000 - 0x00007ff91973f000 	C:\WINDOWS\system32\kernel.appcore.dll
0x00007ff919790000 - 0x00007ff919845000 	C:\WINDOWS\system32\shcore.dll
0x00007ff919740000 - 0x00007ff91978b000 	C:\WINDOWS\system32\powrprof.dll
0x00007ff919700000 - 0x00007ff919714000 	C:\WINDOWS\system32\profapi.dll

VM Arguments:
jvm_args: -Dfile.encoding=Cp1252 
java_command: controllers.Main
java_class_path (initial): C:\Users\Damo0_000\Desktop\Msc Computing Science\Agile\appdev\workspace\pacemaker-console-DG\bin;C:\Users\Damo0_000\Desktop\Msc Computing Science\Agile\appdev\workspace\pacemaker-console-DG\lib\guava-14.0.1.jar;C:\Users\Damo0_000\Desktop\Msc Computing Science\Agile\appdev\workspace\pacemaker-console-DG\lib\asg.cliche-110413.jar;C:\Users\Damo0_000\Desktop\Msc Computing Science\Agile\appdev\workspace\pacemaker-console-DG\lib\xstream-1.4.8.jar;C:\Users\Damo0_000\Desktop\Msc Computing Science\Agile\appdev\workspace\pacemaker-console-DG\lib\jettison-1.3.7.jar;C:\Users\Damo0_000\Desktop\Msc Computing Science\Agile\appdev\workspace\pacemaker-console-DG\lib\stax-1.2.0.jar;C:\Users\Damo0_000\Desktop\Msc Computing Science\Agile\appdev\workspace\pacemaker-console-DG\lib\xstream-1.4.4.jar;C:\Users\Damo0_000\Desktop\Msc Computing Science\Agile\appdev\workspace\pacemaker-console-DG\lib\btc-ascii-table-1.0.jar;C:\Users\Damo0_000\Desktop\Msc Computing Science\Agile\appdev\eclipse\plugins\org.junit_4.10.0.v4_10_0_v20120426-0900\junit.jar;C:\Users\Damo0_000\Desktop\Msc Computing Science\Agile\appdev\eclipse\plugins\org.hamcrest.core_1.1.0.v20090501071000.jar
Launcher Type: SUN_STANDARD

Environment Variables:
PATH=C:/Program Files/Java/jre1.8.0_102/bin/server;C:/Program Files/Java/jre1.8.0_102/bin;C:/Program Files/Java/jre1.8.0_102/lib/amd64;C:\ProgramData\Oracle\Java\javapath;C:\Program Files (x86)\Lenovo\FusionEngine;C:\Program Files (x86)\Intel\iCLS Client\;C:\Program Files\Intel\iCLS Client\;C:\Program Files (x86)\NVIDIA Corporation\PhysX\Common;C:\WINDOWS\system32;C:\WINDOWS;C:\WINDOWS\System32\Wbem;C:\WINDOWS\System32\WindowsPowerShell\v1.0\;C:\Program Files\Intel\Intel(R) Management Engine Components\DAL;C:\Program Files\Intel\Intel(R) Management Engine Components\IPT;C:\Program Files (x86)\Intel\Intel(R) Management Engine Components\DAL;C:\Program Files (x86)\Intel\Intel(R) Management Engine Components\IPT;C:\Program Files (x86)\Common Files\lenovo\easyplussdk\bin;C:\Program Files (x86)\nodejs\;C:\Users\Damo0_000\AppData\Roaming\npm;C:\Users\Damo0_000\Desktop\Msc Computing Science\Agile\appdev\eclipse;
USERNAME=Damo0_000
OS=Windows_NT
PROCESSOR_IDENTIFIER=Intel64 Family 6 Model 69 Stepping 1, GenuineIntel



---------------  S Y S T E M  ---------------

OS: Windows 10.0 , 64 bit Build 10586 (10.0.10586.589)

CPU:total 4 (2 cores per cpu, 2 threads per core) family 6 model 69 stepping 1, cmov, cx8, fxsr, mmx, sse, sse2, sse3, ssse3, sse4.1, sse4.2, popcnt, avx, avx2, aes, clmul, erms, lzcnt, ht, tsc, tscinvbit, bmi1, bmi2

Memory: 4k page, physical 8278296k(3136872k free), swap 33444120k(3692k free)

vm_info: Java HotSpot(TM) 64-Bit Server VM (25.102-b14) for windows-amd64 JRE (1.8.0_102-b14), built on Jun 22 2016 13:15:21 by "java_re" with MS VC++ 10.0 (VS2010)

time: Sun Oct 30 15:58:04 2016
elapsed time: 0 seconds (0d 0h 0m 0s)

